<?xml version="1.0" encoding="UTF-8"?>
<testsuite xmlns:xsi="http://www.w3.org/2001/XMLSchema-instance" xsi:noNamespaceSchemaLocation="https://maven.apache.org/surefire/maven-surefire-plugin/xsd/surefire-test-report-3.0.xsd" version="3.0" name="com.hhh.doctor_appointment_app.DoctorAppointmentAppApplicationTests" time="18.711" tests="1" errors="0" skipped="0" failures="0">
  <properties>
[...]
</properties>
  <testcase name="contextLoads" classname="com.hhh.doctor_appointment_app.DoctorAppointmentAppApplicationTests" time="0.383">
    <system-out><![CDATA[22:46:01.023 [main] INFO org.springframework.test.context.support.AnnotationConfigContextLoaderUtils -- Could not detect default configuration classes for test class [com.hhh.doctor_appointment_app.DoctorAppointmentAppApplicationTests]: DoctorAppointmentAppApplicationTests does not declare any static, non-private, non-final, nested classes annotated with @Configuration.
22:46:01.137 [main] INFO org.springframework.boot.test.context.SpringBootTestContextBootstrapper -- Found @SpringBootConfiguration com.hhh.doctor_appointment_app.DoctorAppointmentAppApplication for test class com.hhh.doctor_appointment_app.DoctorAppointmentAppApplicationTests

  .   ____          _            __ _ _
 /\\ / ___'_ __ _ _(_)_ __  __ _ \ \ \ \
( ( )\___ | '_ | '_| | '_ \/ _` | \ \ \ \
 \\/  ___)| |_)| | | | | || (_| |  ) ) ) )
  '  |____| .__|_| |_|_| |_\__, | / / / /
 =========|_|==============|___/=/_/_/_/

 :: Spring Boot ::                (v3.3.3)

2024-12-10T22:46:01.534+07:00  INFO 25856 --- [doctor-appointment-app] [           main] h.d.DoctorAppointmentAppApplicationTests : Starting DoctorAppointmentAppApplicationTests using Java 21.0.2 with PID 25856 (started by ACER in D:\DaiHoc\TLCN\doctor-appointment-app-backend)
2024-12-10T22:46:01.535+07:00  INFO 25856 --- [doctor-appointment-app] [           main] h.d.DoctorAppointmentAppApplicationTests : No active profile set, falling back to 1 default profile: "default"
2024-12-10T22:46:02.730+07:00  INFO 25856 --- [doctor-appointment-app] [           main] .s.d.r.c.RepositoryConfigurationDelegate : Bootstrapping Spring Data JPA repositories in DEFAULT mode.
2024-12-10T22:46:02.939+07:00  INFO 25856 --- [doctor-appointment-app] [           main] .s.d.r.c.RepositoryConfigurationDelegate : Finished Spring Data repository scanning in 202 ms. Found 16 JPA repository interfaces.
2024-12-10T22:46:03.722+07:00  INFO 25856 --- [doctor-appointment-app] [           main] o.hibernate.jpa.internal.util.LogHelper  : HHH000204: Processing PersistenceUnitInfo [name: default]
2024-12-10T22:46:03.800+07:00  INFO 25856 --- [doctor-appointment-app] [           main] org.hibernate.Version                    : HHH000412: Hibernate ORM core version 6.5.2.Final
2024-12-10T22:46:03.835+07:00  INFO 25856 --- [doctor-appointment-app] [           main] o.h.c.internal.RegionFactoryInitiator    : HHH000026: Second-level cache disabled
2024-12-10T22:46:04.156+07:00  INFO 25856 --- [doctor-appointment-app] [           main] o.s.o.j.p.SpringPersistenceUnitInfo      : No LoadTimeWeaver setup: ignoring JPA class transformer
2024-12-10T22:46:04.179+07:00  INFO 25856 --- [doctor-appointment-app] [           main] com.zaxxer.hikari.HikariDataSource       : HikariPool-1 - Starting...
2024-12-10T22:46:04.671+07:00  INFO 25856 --- [doctor-appointment-app] [           main] com.zaxxer.hikari.pool.HikariPool        : HikariPool-1 - Added connection com.mysql.cj.jdbc.ConnectionImpl@434a8938
2024-12-10T22:46:04.677+07:00  INFO 25856 --- [doctor-appointment-app] [           main] com.zaxxer.hikari.HikariDataSource       : HikariPool-1 - Start completed.
2024-12-10T22:46:04.744+07:00  WARN 25856 --- [doctor-appointment-app] [           main] org.hibernate.dialect.Dialect            : HHH000511: The 5.5.62 version for [org.hibernate.dialect.MySQLDialect] is no longer supported, hence certain features may not work properly. The minimum supported version is 8.0.0. Check the community dialects project for available legacy versions.
2024-12-10T22:46:04.748+07:00  WARN 25856 --- [doctor-appointment-app] [           main] org.hibernate.orm.deprecation            : HHH90000025: MySQLDialect does not need to be specified explicitly using 'hibernate.dialect' (remove the property setting and it will be selected by default)
2024-12-10T22:46:05.886+07:00  INFO 25856 --- [doctor-appointment-app] [           main] o.h.e.t.j.p.i.JtaPlatformInitiator       : HHH000489: No JTA platform available (set 'hibernate.transaction.jta.platform' to enable JTA platform integration)
2024-12-10T22:46:07.796+07:00  INFO 25856 --- [doctor-appointment-app] [           main] j.LocalContainerEntityManagerFactoryBean : Initialized JPA EntityManagerFactory for persistence unit 'default'
2024-12-10T22:46:08.164+07:00  INFO 25856 --- [doctor-appointment-app] [           main] o.s.d.j.r.query.QueryEnhancerFactory     : Hibernate is in classpath; If applicable, HQL parser will be used.
2024-12-10T22:46:09.916+07:00  INFO 25856 --- [doctor-appointment-app] [           main] o.s.a.o.management.OllamaModelManager    : Start pulling model: llama3.2
2024-12-10T22:46:12.760+07:00  INFO 25856 --- [doctor-appointment-app] [ient-1-Worker-0] o.s.a.o.management.OllamaModelManager    : Pulling the 'llama3.2' model - Status: pulling manifest
2024-12-10T22:46:12.761+07:00  INFO 25856 --- [doctor-appointment-app] [ient-1-Worker-0] o.s.a.o.management.OllamaModelManager    : Pulling the 'llama3.2' model - Status: pulling dde5aa3fc5ff
2024-12-10T22:46:12.762+07:00  INFO 25856 --- [doctor-appointment-app] [ient-1-Worker-0] o.s.a.o.management.OllamaModelManager    : Pulling the 'llama3.2' model - Status: pulling 966de95ca8a6
2024-12-10T22:46:12.762+07:00  INFO 25856 --- [doctor-appointment-app] [ient-1-Worker-0] o.s.a.o.management.OllamaModelManager    : Pulling the 'llama3.2' model - Status: pulling fcc5a6bec9da
2024-12-10T22:46:12.762+07:00  INFO 25856 --- [doctor-appointment-app] [ient-1-Worker-0] o.s.a.o.management.OllamaModelManager    : Pulling the 'llama3.2' model - Status: pulling a70ff7e570d9
2024-12-10T22:46:12.763+07:00  INFO 25856 --- [doctor-appointment-app] [ient-1-Worker-0] o.s.a.o.management.OllamaModelManager    : Pulling the 'llama3.2' model - Status: pulling 56bb8bd477a5
2024-12-10T22:46:12.763+07:00  INFO 25856 --- [doctor-appointment-app] [ient-1-Worker-0] o.s.a.o.management.OllamaModelManager    : Pulling the 'llama3.2' model - Status: pulling 34bb5ab01051
2024-12-10T22:46:12.763+07:00  INFO 25856 --- [doctor-appointment-app] [ient-1-Worker-0] o.s.a.o.management.OllamaModelManager    : Pulling the 'llama3.2' model - Status: verifying sha256 digest
2024-12-10T22:46:12.764+07:00  INFO 25856 --- [doctor-appointment-app] [ient-1-Worker-0] o.s.a.o.management.OllamaModelManager    : Pulling the 'llama3.2' model - Status: writing manifest
2024-12-10T22:46:12.765+07:00  INFO 25856 --- [doctor-appointment-app] [ient-1-Worker-0] o.s.a.o.management.OllamaModelManager    : Pulling the 'llama3.2' model - Status: success
2024-12-10T22:46:12.766+07:00  INFO 25856 --- [doctor-appointment-app] [           main] o.s.a.o.management.OllamaModelManager    : Completed pulling the 'llama3.2' model
2024-12-10T22:46:13.124+07:00  WARN 25856 --- [doctor-appointment-app] [           main] JpaBaseConfiguration$JpaWebConfiguration : spring.jpa.open-in-view is enabled by default. Therefore, database queries may be performed during view rendering. Explicitly configure spring.jpa.open-in-view to disable this warning
2024-12-10T22:46:13.810+07:00  INFO 25856 --- [doctor-appointment-app] [           main] o.s.a.o.management.OllamaModelManager    : Start pulling model: mxbai-embed-large
2024-12-10T22:46:16.490+07:00  INFO 25856 --- [doctor-appointment-app] [ient-1-Worker-0] o.s.a.o.management.OllamaModelManager    : Pulling the 'mxbai-embed-large' model - Status: pulling manifest
2024-12-10T22:46:16.493+07:00  INFO 25856 --- [doctor-appointment-app] [ient-1-Worker-0] o.s.a.o.management.OllamaModelManager    : Pulling the 'mxbai-embed-large' model - Status: pulling 819c2adf5ce6
2024-12-10T22:46:16.493+07:00  INFO 25856 --- [doctor-appointment-app] [ient-1-Worker-0] o.s.a.o.management.OllamaModelManager    : Pulling the 'mxbai-embed-large' model - Status: pulling c71d239df917
2024-12-10T22:46:16.495+07:00  INFO 25856 --- [doctor-appointment-app] [ient-1-Worker-0] o.s.a.o.management.OllamaModelManager    : Pulling the 'mxbai-embed-large' model - Status: pulling b837481ff855
2024-12-10T22:46:16.496+07:00  INFO 25856 --- [doctor-appointment-app] [ient-1-Worker-0] o.s.a.o.management.OllamaModelManager    : Pulling the 'mxbai-embed-large' model - Status: pulling 38badd946f91
2024-12-10T22:46:16.497+07:00  INFO 25856 --- [doctor-appointment-app] [ient-1-Worker-0] o.s.a.o.management.OllamaModelManager    : Pulling the 'mxbai-embed-large' model - Status: verifying sha256 digest
2024-12-10T22:46:16.499+07:00  INFO 25856 --- [doctor-appointment-app] [ient-1-Worker-0] o.s.a.o.management.OllamaModelManager    : Pulling the 'mxbai-embed-large' model - Status: writing manifest
2024-12-10T22:46:16.500+07:00  INFO 25856 --- [doctor-appointment-app] [ient-1-Worker-0] o.s.a.o.management.OllamaModelManager    : Pulling the 'mxbai-embed-large' model - Status: success
2024-12-10T22:46:16.501+07:00  INFO 25856 --- [doctor-appointment-app] [           main] o.s.a.o.management.OllamaModelManager    : Completed pulling the 'mxbai-embed-large' model
2024-12-10T22:46:16.614+07:00  INFO 25856 --- [doctor-appointment-app] [           main] o.s.m.s.b.SimpleBrokerMessageHandler     : Starting...
2024-12-10T22:46:16.614+07:00  INFO 25856 --- [doctor-appointment-app] [           main] o.s.m.s.b.SimpleBrokerMessageHandler     : BrokerAvailabilityEvent[available=true, SimpleBrokerMessageHandler [org.springframework.messaging.simp.broker.DefaultSubscriptionRegistry@168611e6]]
2024-12-10T22:46:16.615+07:00  INFO 25856 --- [doctor-appointment-app] [           main] o.s.m.s.b.SimpleBrokerMessageHandler     : Started.
2024-12-10T22:46:16.623+07:00  INFO 25856 --- [doctor-appointment-app] [           main] h.d.DoctorAppointmentAppApplicationTests : Started DoctorAppointmentAppApplicationTests in 15.354 seconds (process running for 16.422)
]]></system-out>
    <system-err><![CDATA[WARNING: A Java agent has been loaded dynamically (C:\Users\ACER\.m2\repository\net\bytebuddy\byte-buddy-agent\1.14.19\byte-buddy-agent-1.14.19.jar)
WARNING: If a serviceability tool is in use, please run with -XX:+EnableDynamicAgentLoading to hide this warning
WARNING: If a serviceability tool is not in use, please run with -Djdk.instrument.traceUsage for more information
WARNING: Dynamic loading of agents will be disallowed by default in a future release
]]></system-err>
  </testcase>
</testsuite>